<?xml version="1.0" encoding="UTF-8"?>
<!-- Generated by org.testng.reporters.JUnitReportReporter -->
<testsuite skipped="0" hostname="Srinivas" name="com.crm.qa.testcases.LoginPageTest" tests="3" failures="0" timestamp="11 Jan 2018 19:02:16 GMT" time="58.490" errors="0">
  <testcase name="loginPageTitleTest" time="11.316" classname="com.crm.qa.testcases.LoginPageTest"/>
  <testcase name="crmlogoTest" time="11.823" classname="com.crm.qa.testcases.LoginPageTest"/>
  <testcase name="loginTest" time="35.351" classname="com.crm.qa.testcases.LoginPageTest"/>
</testsuite> <!-- com.crm.qa.testcases.LoginPageTest -->
